mode: set
github.com/javy99/bookings/cmd/web/main.go:23.13,25.16 2 0
github.com/javy99/bookings/cmd/web/main.go:25.16,27.3 1 0
github.com/javy99/bookings/cmd/web/main.go:29.2,37.16 4 0
github.com/javy99/bookings/cmd/web/main.go:37.16,39.3 1 0
github.com/javy99/bookings/cmd/web/main.go:42.18,58.16 10 1
github.com/javy99/bookings/cmd/web/main.go:58.16,61.3 2 0
github.com/javy99/bookings/cmd/web/main.go:63.2,71.12 6 1
github.com/javy99/bookings/cmd/web/middleware.go:10.45,20.2 3 1
github.com/javy99/bookings/cmd/web/middleware.go:23.50,25.2 1 1
github.com/javy99/bookings/cmd/web/routes.go:12.49,38.2 18 1
